<?xml version="1.0" encoding="UTF-8"?>
<testsuites name="jest tests" tests="8" failures="0" errors="0" time="0.372">
  <testsuite name="Health Check" errors="0" failures="0" skipped="0" timestamp="2026-05-13T09:40:32" time="0.349" tests="8">
    <testcase classname="Health Check GET /health returns status OK" name="Health Check GET /health returns status OK" time="0.018">
    </testcase>
    <testcase classname="Tasks API GET /api/tasks returns array of tasks" name="Tasks API GET /api/tasks returns array of tasks" time="0.004">
    </testcase>
    <testcase classname="Tasks API POST /api/tasks creates a new task" name="Tasks API POST /api/tasks creates a new task" time="0.007">
    </testcase>
    <testcase classname="Tasks API POST /api/tasks returns 400 if title is missing" name="Tasks API POST /api/tasks returns 400 if title is missing" time="0.001">
    </testcase>
    <testcase classname="Tasks API PUT /api/tasks/:id updates a task" name="Tasks API PUT /api/tasks/:id updates a task" time="0.002">
    </testcase>
    <testcase classname="Tasks API PUT /api/tasks/:id returns 404 for missing task" name="Tasks API PUT /api/tasks/:id returns 404 for missing task" time="0.001">
    </testcase>
    <testcase classname="Tasks API DELETE /api/tasks/:id deletes a task" name="Tasks API DELETE /api/tasks/:id deletes a task" time="0">
    </testcase>
    <testcase classname="Tasks API DELETE /api/tasks/:id returns 404 for missing task" name="Tasks API DELETE /api/tasks/:id returns 404 for missing task" time="0">
    </testcase>
  </testsuite>
</testsuites>